Arguments: 
  /usr/bin/node /usr/share/yarn/bin/yarn.js add @types

PATH: 
  /home/xbtwo/.yarn/bin:/opt/GitHub Desktop:/usr/local/sbin:/usr/local/bin:/usr/sbin:/usr/bin:/sbin:/bin:/usr/games:/usr/local/games:/snap/bin

Yarn version: 
  1.15.2

Node version: 
  8.15.1

Platform: 
  linux x64

Trace: 
  Error: https://registry.yarnpkg.com/@types: Request "https://registry.yarnpkg.com/@types" returned a 405
      at Request.params.callback [as _callback] (/usr/share/yarn/lib/cli.js:66067:18)
      at Request.self.callback (/usr/share/yarn/lib/cli.js:129541:22)
      at emitTwo (events.js:126:13)
      at Request.emit (events.js:214:7)
      at Request.<anonymous> (/usr/share/yarn/lib/cli.js:130513:10)
      at emitOne (events.js:116:13)
      at Request.emit (events.js:211:7)
      at IncomingMessage.<anonymous> (/usr/share/yarn/lib/cli.js:130435:12)
      at Object.onceWrapper (events.js:313:30)
      at emitNone (events.js:111:20)

npm manifest: 
  {
    "name": "parseblock",
    "version": "1.0.0",
    "description": "",
    "main": "index.js",
    "scripts": {
      "test": "echo \"Error: no test specified\" && exit 1",
      "start": "node index.js"
    },
    "author": "",
    "license": "ISC",
    "dependencies": {
      "crypto": "^1.0.1",
      "fs": "^0.0.1-security"
    }
  }

yarn manifest: 
  No manifest

Lockfile: 
  # THIS IS AN AUTOGENERATED FILE. DO NOT EDIT THIS FILE DIRECTLY.
  # yarn lockfile v1
  
  
  crypto@^1.0.1:
    version "1.0.1"
    resolved "https://registry.yarnpkg.com/crypto/-/crypto-1.0.1.tgz#2af1b7cad8175d24c8a1b0778255794a21803037"
    integrity sha512-VxBKmeNcqQdiUQUW2Tzq0t377b54N2bMtXO/qiLa+6eRRmmC4qT3D4OnTGoT/U6O9aklQ/jTwbOtRMTTY8G0Ig==
  
  fs@^0.0.1-security:
    version "0.0.1-security"
    resolved "https://registry.yarnpkg.com/fs/-/fs-0.0.1-security.tgz#8a7bd37186b6dddf3813f23858b57ecaaf5e41d4"
    integrity sha1-invTcYa23d84E/I4WLV+yq9eQdQ=
